This file contains any messages produced by compilers while
running configure, to aid debugging if configure makes a mistake.

configure:529: checking for flex
configure:563: checking for yywrap in -lfl
configure:609: checking for bison
configure:642: checking for gcc
configure:755: checking whether the C compiler (sh3-linux-gcc  ) works
configure:771: sh3-linux-gcc -o conftest    conftest.c  1>&5
configure:797: checking whether the C compiler (sh3-linux-gcc  ) is a cross-compiler
configure:802: checking whether we are using GNU C
configure:830: checking whether sh3-linux-gcc accepts -g
configure:862: checking how to run the C preprocessor
configure:947: checking for gunzip
configure:989: checking for dirent.h that defines DIR
configure:1027: checking for opendir in -ldir
configure:1110: checking for ANSI C header files
configure:1214: checking for sys/wait.h that is POSIX.1 compatible
configure:1259: checking for fcntl.h
configure:1259: checking for limits.h
configure:1259: checking for sys/time.h
configure:1259: checking for unistd.h
configure:1259: checking for sys/select.h
configure:1297: checking for working const
configure:1372: checking for uid_t in sys/types.h
configure:1406: checking for pid_t
configure:1439: checking whether time.h and sys/time.h may both be included
configure:1474: checking whether struct tm is in sys/time.h or time.h
configure:1509: checking for 8-bit clean memcmp
configure:1548: checking for unistd.h
configure:1587: checking for getpagesize
configure:1640: checking for working mmap
configure:1814: checking whether setvbuf arguments are reversed
configure:1862: checking for getcwd
configure:1862: checking for gethostname
configure:1862: checking for select
configure:1862: checking for socket
configure:1862: checking for strdup
configure:1862: checking for strstr
